This is e-pTeX, Version 3.14159265-p3.7-160201-2.6 (utf8.sjis) (TeX Live 2016/W32TeX) (preloaded format=platex 2016.4.2)  23 MAY 2018 23:48
entering extended mode
 restricted \write18 enabled.
 %&-line parsing enabled.
**./00svg-seminor.tex
(./00svg-seminor.tex
pLaTeX2e <2006/11/10> (based on LaTeX2e <2016/03/31> patch level 0)
Babel <3.9q> and hyphenation patterns for 81 language(s) loaded.
(./Macro/svg-macro.tex (c:/usr/local/share/texmf-dist/tex/platex/base/jbook.cls
Document Class: jbook 2006/06/27 v1.6 Standard pLaTeX class
\c@@paper=\count81
(c:/usr/local/share/texmf-dist/tex/platex/base/jbk10.clo
File: jbk10.clo 2006/06/27 v1.6 Standard pLaTeX file (size option)
)
\c@part=\count82
\c@chapter=\count83
\c@section=\count84
\c@subsection=\count85
\c@subsubsection=\count86
\c@paragraph=\count87
\c@subparagraph=\count88
\c@figure=\count89
\c@table=\count90
\abovecaptionskip=\skip41
\belowcaptionskip=\skip42
\symmincho=\mathgroup4
LaTeX Font Info:    Overwriting symbol font `mincho' in version `bold'
(Font)                  JY1/mc/m/n --> JY1/gt/m/n on input line 680.
\toclineskip=\dimen118
\@lnumwidth=\dimen119
\bibindent=\dimen120
\heisei=\count91
)
(c:/usr/local/share/texmf-dist/tex/generic/oberdiek/atbegshi.sty
Package: atbegshi 2011/10/05 v1.16 At begin shipout hook (HO)

(c:/usr/local/share/texmf-dist/tex/generic/oberdiek/infwarerr.sty
Package: infwarerr 2010/04/08 v1.3 Providing info/warning/error messages (HO)
)
(c:/usr/local/share/texmf-dist/tex/generic/oberdiek/ltxcmds.sty
Package: ltxcmds 2011/11/09 v1.22 LaTeX kernel commands for general use (HO)
)
(c:/usr/local/share/texmf-dist/tex/generic/oberdiek/ifpdf.sty
Package: ifpdf 2011/01/30 v2.3 Provides the ifpdf switch (HO)
Package ifpdf Info: pdfTeX in PDF mode is not detected.
))
(c:/usr/local/share/texmf-dist/tex/latex/graphics/graphicx.sty
Package: graphicx 2014/10/28 v1.0g Enhanced LaTeX Graphics (DPC,SPQR)

(c:/usr/local/share/texmf-dist/tex/latex/graphics/keyval.sty
Package: keyval 2014/10/28 v1.15 key=value parser (DPC)
\KV@toks@=\toks15
)
(c:/usr/local/share/texmf-dist/tex/latex/graphics/graphics.sty
Package: graphics 2016/01/03 v1.0q Standard LaTeX Graphics (DPC,SPQR)

(c:/usr/local/share/texmf-dist/tex/latex/graphics/trig.sty
Package: trig 2016/01/03 v1.10 sin cos tan (DPC)
)
(c:/usr/local/share/texmf-dist/tex/latex/config/graphics.cfg
File: graphics.cfg 2016/01/02 v1.10 graphics configuration of TeX Live
)
Package graphics Info: Driver file: dvipdfm.def on input line 95.

(c:/usr/local/share/texmf-dist/tex/latex/dvipdfm-def/dvipdfm.def
File: dvipdfm.def 1999/9/6 vx.x Driver-dependant file
))
\Gin@req@height=\dimen121
\Gin@req@width=\dimen122
)
(c:/usr/local/share/texmf-dist/tex/latex/graphics/color.sty
Package: color 2016/01/03 v1.1b Standard LaTeX Color (DPC)

(c:/usr/local/share/texmf-dist/tex/latex/config/color.cfg
File: color.cfg 2016/01/02 v1.6 color configuration of teTeX/TeXLive
)
Package color Info: Driver file: dvipdfm.def on input line 143.

(c:/usr/local/share/texmf-dist/tex/latex/graphics/dvipsnam.def
File: dvipsnam.def 2015/12/30 v3.0k Driver-dependent file (DPC,SPQR)
))
(c:/usr/local/share/texmf-dist/tex/latex/amsmath/amsmath.sty
Package: amsmath 2016/03/10 v2.15b AMS math features
\@mathmargin=\skip43

For additional information on amsmath, use the `?' option.
(c:/usr/local/share/texmf-dist/tex/latex/amsmath/amstext.sty
Package: amstext 2000/06/29 v2.01 AMS text

(c:/usr/local/share/texmf-dist/tex/latex/amsmath/amsgen.sty
File: amsgen.sty 1999/11/30 v2.0 generic functions
\@emptytoks=\toks16
\ex@=\dimen123
))
(c:/usr/local/share/texmf-dist/tex/latex/amsmath/amsbsy.sty
Package: amsbsy 1999/11/29 v1.2d Bold Symbols
\pmbraise@=\dimen124
)
(c:/usr/local/share/texmf-dist/tex/latex/amsmath/amsopn.sty
Package: amsopn 2016/03/08 v2.02 operator names
)
\inf@bad=\count92
LaTeX Info: Redefining \frac on input line 199.
\uproot@=\count93
\leftroot@=\count94
LaTeX Info: Redefining \overline on input line 297.
\classnum@=\count95
\DOTSCASE@=\count96
LaTeX Info: Redefining \ldots on input line 394.
LaTeX Info: Redefining \dots on input line 397.
LaTeX Info: Redefining \cdots on input line 518.
\Mathstrutbox@=\box41
\strutbox@=\box42
\big@size=\dimen125
LaTeX Font Info:    Redeclaring font encoding OML on input line 634.
LaTeX Font Info:    Redeclaring font encoding OMS on input line 635.
\macc@depth=\count97
\c@MaxMatrixCols=\count98
\dotsspace@=\muskip10
\c@parentequation=\count99
\dspbrk@lvl=\count100
\tag@help=\toks17
\row@=\count101
\column@=\count102
\maxfields@=\count103
\andhelp@=\toks18
\eqnshift@=\dimen126
\alignsep@=\dimen127
\tagshift@=\dimen128
\tagwidth@=\dimen129
\totwidth@=\dimen130
\lineht@=\dimen131
\@envbody=\toks19
\multlinegap=\skip44
\multlinetaggap=\skip45
\mathdisplay@stack=\toks20
LaTeX Info: Redefining \[ on input line 2739.
LaTeX Info: Redefining \] on input line 2740.
)
(c:/usr/local/share/texmf-dist/tex/latex/amsfonts/amssymb.sty
Package: amssymb 2013/01/14 v3.01 AMS font symbols

(c:/usr/local/share/texmf-dist/tex/latex/amsfonts/amsfonts.sty
Package: amsfonts 2013/01/14 v3.01 Basic AMSFonts support
\symAMSa=\mathgroup5
\symAMSb=\mathgroup6
LaTeX Font Info:    Overwriting math alphabet `\mathfrak' in version `bold'
(Font)                  U/euf/m/n --> U/euf/b/n on input line 106.
))
(c:/usr/local/share/texmf-dist/tex/latex/tools/array.sty
Package: array 2014/10/28 v2.4c Tabular extension package (FMi)
\col@sep=\dimen132
\extrarowheight=\dimen133
\NC@list=\toks21
\extratabsurround=\skip46
\backup@length=\skip47
)
(c:/usr/local/share/texmf-dist/tex/latex/tools/longtable.sty
Package: longtable 2014/10/28 v4.11 Multi-page Table package (DPC)
\LTleft=\skip48
\LTright=\skip49
\LTpre=\skip50
\LTpost=\skip51
\LTchunksize=\count104
\LTcapwidth=\dimen134
\LT@head=\box43
\LT@firsthead=\box44
\LT@foot=\box45
\LT@lastfoot=\box46
\LT@cols=\count105
\LT@rows=\count106
\c@LT@tables=\count107
\c@LT@chunks=\count108
\LT@p@ftn=\toks22
)
(c:/usr/local/share/texmf-dist/tex/latex/fancyvrb/fancyvrb.sty
Package: fancyvrb 2008/02/07

Style option: `fancyvrb' v2.7a, with DG/SPQR fixes, and firstline=lastline fix 
<2008/02/07> (tvz)
\FV@CodeLineNo=\count109
\FV@InFile=\read1
\FV@TabBox=\box47
\c@FancyVerbLine=\count110
\FV@StepNumber=\count111
\FV@OutFile=\write3
)
(c:/usr/local/share/texmf-dist/tex/latex/hyperref/hyperref.sty
Package: hyperref 2012/11/06 v6.83m Hypertext links for LaTeX

(c:/usr/local/share/texmf-dist/tex/generic/oberdiek/hobsub-hyperref.sty
Package: hobsub-hyperref 2012/05/28 v1.13 Bundle oberdiek, subset hyperref (HO)


(c:/usr/local/share/texmf-dist/tex/generic/oberdiek/hobsub-generic.sty
Package: hobsub-generic 2012/05/28 v1.13 Bundle oberdiek, subset generic (HO)
Package: hobsub 2012/05/28 v1.13 Construct package bundles (HO)
Package hobsub Info: Skipping package `infwarerr' (already loaded).
Package hobsub Info: Skipping package `ltxcmds' (already loaded).
Package: ifluatex 2010/03/01 v1.3 Provides the ifluatex switch (HO)
Package ifluatex Info: LuaTeX not detected.
Package: ifvtex 2010/03/01 v1.5 Detect VTeX and its facilities (HO)
Package ifvtex Info: VTeX not detected.
Package: intcalc 2007/09/27 v1.1 Expandable calculations with integers (HO)
Package hobsub Info: Skipping package `ifpdf' (already loaded).
Package: etexcmds 2011/02/16 v1.5 Avoid name clashes with e-TeX commands (HO)
Package etexcmds Info: Could not find \expanded.
(etexcmds)             That can mean that you are not using pdfTeX 1.50 or
(etexcmds)             that some package has redefined \expanded.
(etexcmds)             In the latter case, load this package earlier.
Package: kvsetkeys 2012/04/25 v1.16 Key value parser (HO)
Package: kvdefinekeys 2011/04/07 v1.3 Define keys (HO)
Package: pdftexcmds 2011/11/29 v0.20 Utility functions of pdfTeX for LuaTeX (HO
)
Package pdftexcmds Info: LuaTeX not detected.
Package pdftexcmds Info: pdfTeX >= 1.30 not detected.
Package pdftexcmds Info: \pdf@primitive is available.
Package pdftexcmds Info: \pdf@ifprimitive is available.
Package pdftexcmds Info: \pdfdraftmode not found.
Package: pdfescape 2011/11/25 v1.13 Implements pdfTeX's escape features (HO)
Package: bigintcalc 2012/04/08 v1.3 Expandable calculations on big integers (HO
)
Package: bitset 2011/01/30 v1.1 Handle bit-vector datatype (HO)
Package: uniquecounter 2011/01/30 v1.2 Provide unlimited unique counter (HO)
)
Package hobsub Info: Skipping package `hobsub' (already loaded).
Package: letltxmacro 2010/09/02 v1.4 Let assignment for LaTeX macros (HO)
Package: hopatch 2012/05/28 v1.2 Wrapper for package hooks (HO)
Package: xcolor-patch 2011/01/30 xcolor patch
Package: atveryend 2011/06/30 v1.8 Hooks at the very end of document (HO)
Package atveryend Info: \enddocument detected (standard20110627).
Package hobsub Info: Skipping package `atbegshi' (already loaded).
Package: refcount 2011/10/16 v3.4 Data extraction from label references (HO)
Package: hycolor 2011/01/30 v1.7 Color options for hyperref/bookmark (HO)
)
(c:/usr/local/share/texmf-dist/tex/generic/ifxetex/ifxetex.sty
Package: ifxetex 2010/09/12 v0.6 Provides ifxetex conditional
)
(c:/usr/local/share/texmf-dist/tex/latex/oberdiek/auxhook.sty
Package: auxhook 2011/03/04 v1.3 Hooks for auxiliary files (HO)
)
(c:/usr/local/share/texmf-dist/tex/latex/oberdiek/kvoptions.sty
Package: kvoptions 2011/06/30 v3.11 Key value format for package options (HO)
)
\@linkdim=\dimen135
\Hy@linkcounter=\count112
\Hy@pagecounter=\count113

(c:/usr/local/share/texmf-dist/tex/latex/hyperref/pd1enc.def
File: pd1enc.def 2012/11/06 v6.83m Hyperref: PDFDocEncoding definition (HO)
)
\Hy@SavedSpaceFactor=\count114

(c:/usr/local/share/texmf-dist/tex/latex/config/hyperref.cfg
File: hyperref.cfg 2002/06/06 v1.2 hyperref configuration of TeXLive
)
Package hyperref Info: Option `bookmarks' set `true' on input line 4319.
Package hyperref Info: Option `bookmarksnumbered' set `true' on input line 4319
.
Package hyperref Info: Hyper figures OFF on input line 4443.
Package hyperref Info: Link nesting OFF on input line 4448.
Package hyperref Info: Hyper index ON on input line 4451.
Package hyperref Info: Plain pages OFF on input line 4458.
Package hyperref Info: Backreferencing OFF on input line 4463.
Package hyperref Info: Implicit mode ON; LaTeX internals redefined.
Package hyperref Info: Bookmarks ON on input line 4688.
\c@Hy@tempcnt=\count115

(c:/usr/local/share/texmf-dist/tex/latex/url/url.sty
\Urlmuskip=\muskip11
Package: url 2013/09/16  ver 3.4  Verb mode for urls, etc.
)
LaTeX Info: Redefining \url on input line 5041.
\XeTeXLinkMargin=\dimen136
\Fld@menulength=\count116
\Field@Width=\dimen137
\Fld@charsize=\dimen138
Package hyperref Info: Hyper figures OFF on input line 6295.
Package hyperref Info: Link nesting OFF on input line 6300.
Package hyperref Info: Hyper index ON on input line 6303.
Package hyperref Info: backreferencing OFF on input line 6310.
Package hyperref Info: Link coloring OFF on input line 6315.
Package hyperref Info: Link coloring with OCG OFF on input line 6320.
Package hyperref Info: PDF/A mode OFF on input line 6325.
LaTeX Info: Redefining \ref on input line 6365.
LaTeX Info: Redefining \pageref on input line 6369.
\Hy@abspage=\count117
\c@Item=\count118
\c@Hfootnote=\count119
)

Package hyperref Message: Driver: hdvipdfm.

(c:/usr/local/share/texmf-dist/tex/latex/hyperref/hdvipdfm.def
File: hdvipdfm.def 2012/11/06 v6.83m Hyperref driver for dvipdfm
\pdfm@box=\box48
\c@Hy@AnnotLevel=\count120
\HyField@AnnotCount=\count121
\Fld@listcount=\count122
\c@bookmark@seq@number=\count123

(c:/usr/local/share/texmf-dist/tex/latex/oberdiek/rerunfilecheck.sty
Package: rerunfilecheck 2011/04/15 v1.7 Rerun checks for auxiliary files (HO)
Package uniquecounter Info: New unique counter `rerunfilecheck' on input line 2
82.
)
\Hy@SectionHShift=\skip52
)
\listout=\write4
\lll=\write5
\c@Example=\count124
\c@Problem=\count125
\c@PreLearn=\count126

(./Macro/mkindex.tex)
\c@svglist=\count127
 (./Macro/Browser.tex)
\c@fileNo=\count128
\ttttt=\read2
\c@CREF=\count129
)
\@indexfile=\write6
\openout6 = `00svg-seminor.idx'.


Writing index file 00svg-seminor.idx
(./00svg-seminor.aux)
\openout1 = `00svg-seminor.aux'.

LaTeX Font Info:    Checking defaults for OML/cmm/m/it on input line 15.
LaTeX Font Info:    ... okay on input line 15.
LaTeX Font Info:    Checking defaults for T1/cmr/m/n on input line 15.
LaTeX Font Info:    ... okay on input line 15.
LaTeX Font Info:    Checking defaults for OT1/cmr/m/n on input line 15.
LaTeX Font Info:    ... okay on input line 15.
LaTeX Font Info:    Checking defaults for OMS/cmsy/m/n on input line 15.
LaTeX Font Info:    ... okay on input line 15.
LaTeX Font Info:    Checking defaults for OMX/cmex/m/n on input line 15.
LaTeX Font Info:    ... okay on input line 15.
LaTeX Font Info:    Checking defaults for U/cmr/m/n on input line 15.
LaTeX Font Info:    ... okay on input line 15.
LaTeX Font Info:    Checking defaults for JY1/mc/m/n on input line 15.
LaTeX Font Info:    ... okay on input line 15.
LaTeX Font Info:    Checking defaults for JT1/mc/m/n on input line 15.
LaTeX Font Info:    ... okay on input line 15.
LaTeX Font Info:    Checking defaults for PD1/pdf/m/n on input line 15.
LaTeX Font Info:    ... okay on input line 15.
\AtBeginShipoutBox=\box49
Package hyperref Info: Link coloring OFF on input line 15.

(c:/usr/local/share/texmf-dist/tex/latex/hyperref/nameref.sty
Package: nameref 2012/10/27 v2.43 Cross-referencing by name of section

(c:/usr/local/share/texmf-dist/tex/generic/oberdiek/gettitlestring.sty
Package: gettitlestring 2010/12/03 v1.4 Cleanup title references (HO)
)
\c@section@level=\count130
)
LaTeX Info: Redefining \ref on input line 15.
LaTeX Info: Redefining \pageref on input line 15.
LaTeX Info: Redefining \nameref on input line 15.

(./00svg-seminor.out) (./00svg-seminor.out)
\@outlinefile=\write7
\openout7 = `00svg-seminor.out'.

File: ./ps/fraserspiral.eps Graphic file (type eps)
 <./ps/fraserspiral.eps>
LaTeX Font Info:    Try loading font information for U+msa on input line 18.

(c:/usr/local/share/texmf-dist/tex/latex/amsfonts/umsa.fd
File: umsa.fd 2013/01/14 v3.01 AMS symbols A
)
LaTeX Font Info:    Try loading font information for U+msb on input line 18.

(c:/usr/local/share/texmf-dist/tex/latex/amsfonts/umsb.fd
File: umsb.fd 2013/01/14 v3.01 AMS symbols B
) [1

\openout4 = `00svg-seminor000.tex'.

\openout5 = `00svg-seminor.lll'.



]
(./TOP/copyright.tex
LaTeX Font Info:    Try loading font information for OMS+cmr on input line 9.
 (c:/usr/local/share/texmf-dist/tex/latex/base/omscmr.fd
File: omscmr.fd 2014/09/29 v2.5h Standard LaTeX font definitions
)
LaTeX Font Info:    Font shape `OMS/cmr/m/n' in size <10> not available
(Font)              Font shape `OMS/cmsy/m/n' tried instead on input line 9.

[2


])
LaTeX Font Info:    Font shape `JT1/mc/bx/n' in size <20.74> not available
(Font)              Font shape `JT1/gt/m/n' tried instead on input line 21.
LaTeX Font Info:    Font shape `JY1/mc/bx/n' in size <20.74> not available
(Font)              Font shape `JY1/gt/m/n' tried instead on input line 21.
 (./00svg-seminor.toc
LaTeX Font Info:    Font shape `JT1/mc/bx/n' in size <10> not available
(Font)              Font shape `JT1/gt/m/n' tried instead on input line 1.
LaTeX Font Info:    Font shape `JY1/mc/bx/n' in size <10> not available
(Font)              Font shape `JY1/gt/m/n' tried instead on input line 1.
 [3


] [4])
\tf@toc=\write8
\openout8 = `00svg-seminor.toc'.

 [5] [6

]
\answer=\write9
 (./CH1/01whatissvg.tex
第 1 章
LaTeX Font Info:    Font shape `JT1/mc/bx/n' in size <14.4> not available
(Font)              Font shape `JT1/gt/m/n' tried instead on input line 3.
LaTeX Font Info:    Font shape `JY1/mc/bx/n' in size <14.4> not available
(Font)              Font shape `JY1/gt/m/n' tried instead on input line 3.
(./CH1//0101svg.tex
File: ./CH1/w3c-webdesign.eps Graphic file (type eps)
 <./CH1/w3c-webdesign.eps> [1
\openout9 = `00svg-seminor-answer.tex'.


]
File: ./CH1/w3c-graphics.eps Graphic file (type eps)
 <./CH1/w3c-graphics.eps>
File: ./CH1/w3c-svg-recommendation.eps Graphic file (type eps)

<./CH1/w3c-svg-recommendation.eps>

LaTeX Font Warning: Font shape `JT1/mc/m/it' undefined
(Font)              using `JT1/mc/m/n' instead on input line 69.


LaTeX Font Warning: Font shape `JY1/mc/m/it' undefined
(Font)              using `JY1/mc/m/n' instead on input line 69.

) (./CH1//0110xml.tex [2] [3]) (./CH1//0120howtoseeSVG.tex [4])
(./CH1//0130html5.tex
LaTeX Font Info:    Font shape `JT1/mc/bx/n' in size <12> not available
(Font)              Font shape `JT1/gt/m/n' tried instead on input line 4.
LaTeX Font Info:    Font shape `JY1/mc/bx/n' in size <12> not available
(Font)              Font shape `JY1/gt/m/n' tried instead on input line 4.
 [5])) [6] (./CH2/02fundamentalfigs.tex
第 2 章
[7


]
LaTeX Font Info:    Font shape `OT1/cmtt/bx/n' in size <12> not available
(Font)              Font shape `OT1/cmtt/m/n' tried instead on input line 53.

CH2-first-svg
(./CH2/first.svg.tex)
Package hyperref Info: bookmark level for unknown list defaults to 0 on input l
ine 53.
File: ./CH2/first-error.eps Graphic file (type eps)
 <./CH2/first-error.eps> [8]
File: ./CH2/validator.eps Graphic file (type eps)
 <./CH2/validator.eps>
File: ./CH2/nu-checker.eps Graphic file (type eps)

<./CH2/nu-checker.eps> [9]
File: ./CH2/file-upload.eps Graphic file (type eps)
 <./CH2/file-upload.eps>
File: ./CH2/result.eps Graphic file (type eps)
 <./CH2/result.eps>
(./CH2/0201svgfirst.tex [10] [11]
File: ./CH2/linecap.eps Graphic file (type eps)
 <./CH2/linecap.eps> [12]
CH2-linecap-svg
(./CH2/linecap.svg.tex) [13]
File: ./CH2/fick1.eps Graphic file (type eps)
 <./CH2/fick1.eps> [14]
CH2-fick1-svg
(./CH2/fick1.svg.tex)
File: ./CH2/muller-lyer.eps Graphic file (type eps)
 <./CH2/muller-lyer.eps> [15] [16]
CH2-muller-lyer-svg
(./CH2/muller-lyer.svg.tex)
Overfull \hbox (32.08736pt too wide) in paragraph at lines 253--258
[]\JY1/mc/m/it/10 右の矢印は全体を横の直線の左端に平行移動させ \OT1/cmr/m/n/10 
([]22 \JY1/mc/m/it/10 行目の \OT1/cmtt/m/n/10 transform="translate(200,0)"\OT1/
cmr/m/n/10 )\JY1/mc/m/it/10 、
 []

[17]
File: ./CH2/poggendorff.eps Graphic file (type eps)
 <./CH2/poggendorff.eps> [18]
CH2-poggendorff-svg
(./CH2/poggendorff.svg.tex) [19]
File: ./CH2/colorenv.eps Graphic file (type eps)
 <./CH2/colorenv.eps>
CH2-colorinenv-svg
(./CH2/colorinenv.svg.tex)
File: ./CH2/color-contrast.eps Graphic file (type eps)
 <./CH2/color-contrast.eps>
File: ./CH2/hermann-line.eps Graphic file (type eps)
 <./CH2/hermann-line.eps>
[20] [21]
CH2-svg-hermann-line-svg
(./CH2/svg-hermann-line.svg.tex)
File: ./CH2/munsterberg.eps Graphic file (type eps)
 <./CH2/munsterberg.eps>) (./CH2/0202circle.tex
File: ./CH2/ellipse.eps Graphic file (type eps)
<./CH2/ellipse.eps> [22] [23]
CH2-svg-ellipse-svg
(./CH2/svg-ellipse.svg.tex) [24]
File: ./CH2/delboef.eps Graphic file (type eps)
 <./CH2/delboef.eps>) (./CH2/0230gradiation.tex
File: ./CH2/svg-gradient.eps Graphic file (type eps)
<./CH2/svg-gradient.eps> [25]
CH2-svg-gradient1-svg
(./CH2/svg-gradient1.svg.tex)
Overfull \hbox (6.72179pt too wide) in paragraph at lines 38--43
[][]\OT1/cmr/m/n/10 8 \JY1/mc/m/it/10 行目と[]\OT1/cmr/m/n/10 9 \JY1/mc/m/it/10
 行目にグラデ ーシ ョ ンの特定の位置に対する場所 \OT1/cmr/m/n/10 (\OT1/cmtt/m/n
/10 offset[][]\OT1/cmr/m/n/10 ) \JY1/mc/m/it/10 とそこでの色 \OT1/cmr/m/n/10 (\
OT1/cmtt/m/n/10 stop-color[][]\OT1/cmr/m/n/10 )
 []

[26]
File: ./CH2/gradient-mach.eps Graphic file (type eps)
 <./CH2/gradient-mach.eps>
File: ./CH2/zavagno.eps Graphic file (type eps)
 <./CH2/zavagno.eps>
File: ./CH2/svg-gradient2.eps Graphic file (type eps)
 <./CH2/svg-gradient2.eps>
[27]
CH2-svg-gradient2-svg
(./CH2/svg-gradient2.svg.tex) [28]
File: ./CH2/Koffka.eps Graphic file (type eps)
 <./CH2/Koffka.eps>
File: ./CH2/diamond-grad.eps Graphic file (type eps)
 <./CH2/diamond-grad.eps>
LaTeX Font Info:    Font shape `OT1/cmtt/bx/n' in size <10> not available
(Font)              Font shape `OT1/cmtt/m/n' tried instead on input line 115.
File: ./CH2/svg-gradient3.eps Graphic file (type eps)

<./CH2/svg-gradient3.eps>
Overfull \hbox (0.93553pt too wide) in paragraph at lines 115--124
 []\OT1/cmtt/m/n/10 gradientUnits[][] \JY1/gt/m/n/10 の値の違い[] \OT1/cmtt/m/n
/10 gradientUnits[][] \JY1/mc/m/it/10 の値として \OT1/cmtt/m/n/10 objectBoundin
gBox[][] \JY1/mc/m/it/10 と \OT1/cmtt/m/n/10 userSpaceOnUse[][]
 []

[29] [30]
CH2-svg-gradient-bb-vs-us-svg
(./CH2/svg-gradient-bb-vs-us.svg.tex) [31] [32]
File: ./CH2/radialgradiation2.eps Graphic file (type eps)
 <./CH2/radialgradiation2.eps>
File: ./CH2/radialgradiation3.eps Graphic file (type eps)

<./CH2/radialgradiation3.eps> [33]
CH2-svg-raidalgradiation2-svg
(./CH2/svg-raidalgradiation2.svg.tex) [34]
CH2-svg-raidalgradiation3-svg
(./CH2/svg-raidalgradiation3.svg.tex)
File: ./CH2/craik-obraien.eps Graphic file (type eps)
 <./CH2/craik-obraien.eps>)
(./CH2/0240opacity.tex
File: ./CH2/opacity.eps Graphic file (type eps)
 <./CH2/opacity.eps> [35] [36]
CH2-svg-opacity2-svg
(./CH2/svg-opacity2.svg.tex)
Overfull \hbox (10.58096pt too wide) detected at line 62
[]\JY1/mc/m/it/10 が定義された図形の色 \OMS/cmsy/m/n/10 ^^B \JY1/mc/m/it/10 こ
の図形の色 \OT1/cmr/m/n/10 + (1 \OMS/cmsy/m/n/10 ^^@ \JY1/mc/m/it/10 この図形の
 []\OT1/cmr/m/n/10 ) \OMS/cmsy/m/n/10 ^^B \JY1/mc/m/it/10 この図形の下にある色
 []

[37]
File: ./CH2/pyramid.eps Graphic file (type eps)
 <./CH2/pyramid.eps>)) [38] (./CH3/03object.tex
第 3 章
(./CH3/0310polyline.tex
File: ./CH3/polygon5.eps Graphic file (type eps)
 <./CH3/polygon5.eps> [39


]
CH3-svg-polygon5-svg
(./CH3/svg-polygon5.svg.tex)
File: ./CH3/objects-gradiation.eps Graphic file (type eps)
 <./CH3/objects-gradiation.eps>
File: ./CH3/linejoin-more.eps Graphic file (type eps)

<./CH3/linejoin-more.eps> [40] [41]
CH3-svg-linejoin-svg
(./CH3/svg-linejoin.svg.tex)
File: ./CH3/shepard.eps Graphic file (type eps)
 <./CH3/shepard.eps>
File: ./CH3/bourdon.eps Graphic file (type eps)
 <./CH3/bourdon.eps>)
(./CH3/0340path.tex [42]
File: ./CH3/vint.eps Graphic file (type eps)
 <./CH3/vint.eps> [43]
CH3-svg-vint-svg
(./CH3/svg-vint.svg.tex) [44]) (./CH3/0350pattern.tex [45]
CH3-svg-hermann-svg
(./CH3/svg-hermann.svg.tex)
File: ./CH3/savigny.eps Graphic file (type eps)
 <./CH3/savigny.eps>
File: ./CH3/pattern.eps Graphic file (type eps)
 <./CH3/pattern.eps> [46]
[47]
CH3-patterndef1-svg
(./CH3/patterndef1.svg.tex)
File: ./CH3/hermann-twinkle.eps Graphic file (type eps)
 <./CH3/hermann-twinkle.eps>
File: ./CH3/morgan-twist.eps Graphic file (type eps)

<./CH3/morgan-twist.eps>
File: ./CH3/oouchi.eps Graphic file (type eps)
 <./CH3/oouchi.eps> [48] [49]
CH3-svg-oouchi-rev-svg
(./CH3/svg-oouchi-rev.svg.tex)
File: ./CH3/pattern-rotate.eps Graphic file (type eps)
 <./CH3/pattern-rotate.eps>)) [50]
(./CH4/04animation.tex
第 4 章
(./CH4/0410whatisanimation.tex
Overfull \hbox (1.84987pt too wide) in paragraph at lines 45--45
[] []
 []

) (./CH4/0420transforms.tex
LaTeX Font Info:    Font shape `OT1/cmtt/bx/n' in size <14.4> not available
(Font)              Font shape `OT1/cmtt/m/n' tried instead on input line 1.
 [51


]
File: ./CH4/animation-transform-begin.eps Graphic file (type eps)
 <./CH4/animation-transform-begin.eps>
File: ./CH4/animation-transform-end.eps Graphic file (type eps)

<./CH4/animation-transform-end.eps>
CH4-svg-animation-transform-svg
(./CH4/svg-animation-transform.svg.tex) [52]
Overfull \hbox (0.57968pt too wide) in paragraph at lines 45--45
[]\JY1/mc/m/it/10 アニメ ーシ ョ ンが終わ っ たときにの状態は \OT1/cmtt/m/n/10 
fill[][] \JY1/mc/m/it/10 で与えます。 はじめの状態に戻る \OT1/cmr/m/n/10 (\OT1/
cmtt/m/n/10 remove[][]\OT1/cmr/m/n/10 )
 []

File: ./CH4/animation-rotateS.eps Graphic file (type eps)
<./CH4/animation-rotateS.eps>
File: ./CH4/animation-rotateE.eps Graphic file (type eps)
 <./CH4/animation-rotateE.eps> [53]
CH4-svg-animation-rotate-svg
(./CH4/svg-animation-rotate.svg.tex)
File: ./CH4/judd.eps Graphic file (type eps)
 <./CH4/judd.eps>
File: ./CH4/svg-moveandsizechange1.eps Graphic file (type eps)

<./CH4/svg-moveandsizechange1.eps>
File: ./CH4/svg-moveandsizechange2.eps Graphic file (type eps)
 <./CH4/svg-moveandsizechange2.eps> [54]
CH4-svg-moveandsizechange-svg
(./CH4/svg-moveandsizechange.svg.tex)) (./CH4/0440animatemotion.tex
File: ./CH4/motion-along-path.eps Graphic file (type eps)

<./CH4/motion-along-path.eps> [55]
CH4-svg-motion-along-path-svg
(./CH4/svg-motion-along-path.svg.tex) [56]) (./CH4/0450animationattribute.tex
File: ./CH4/animation-color-begin.eps Graphic file (type eps)

<./CH4/animation-color-begin.eps>
File: ./CH4/animation-color-2.eps Graphic file (type eps)
 <./CH4/animation-color-2.eps>
File: ./CH4/animation-color-end.eps Graphic file (type eps)

<./CH4/animation-color-end.eps> [57]
CH4-svg-animation-color-svg
(./CH4/svg-animation-color.svg.tex)
CH4-svg-animation-w-rect-svg
(./CH4/svg-animation-w-rect.svg.tex)
File: ./CH4/anim-gradiation-1.eps Graphic file (type eps)
 <./CH4/anim-gradiation-1.eps>
File: ./CH4/anim-gradiation-2.eps Graphic file (type eps)

<./CH4/anim-gradiation-2.eps> [58]
CH4-svg-mask-svg
(./CH4/svg-mask.svg.tex)
Overfull \hbox (2.87161pt too wide) in paragraph at lines 105--108
[]\JY1/mc/m/it/10 線形グラデ ーシ ョ ンの開始位置を変化させるので \OT1/cmtt/m/n
/10 gradientUnits[][] \JY1/mc/m/it/10 の値を \OT1/cmtt/m/n/10 userSpaceOnUse[][
]
 []

[59]
CH4-svg-animation-visibility-svg
(./CH4/svg-animation-visibility.svg.tex)) (./CH4/0460animatevalues.tex [60]
CH4-svg-animation-transform-values-svg
(./CH4/svg-animation-transform-values.svg.tex))
(./CH4/0480animation-example.tex
File: ./CH4/moving-square.eps Graphic file (type eps)
 <./CH4/moving-square.eps>
File: ./CH4/racing-square-1.eps Graphic file (type eps)

<./CH4/racing-square-1.eps>
File: ./CH4/racing-square-2.eps Graphic file (type eps)
 <./CH4/racing-square-2.eps>
File: ./CH4/racing-square-3.eps Graphic file (type eps)

<./CH4/racing-square-3.eps> [61] [62]
CH4-svg-racing-recs-svg
(./CH4/svg-racing-recs.svg.tex) [63])) [64] (./CH5/05showingtext.tex
第 5 章
File: ./CH5/svg-showtext.eps Graphic file (type eps)
<./CH5/svg-showtext.eps> [65


]
CH5-svg-showtext-svg
(./CH5/svg-showtext.svg.tex) [66]
File: ./CH5/svg-text-with-tspan.eps Graphic file (type eps)
 <./CH5/svg-text-with-tspan.eps> [67]
CH5-svg-text-with-tspan-svg
(./CH5/svg-text-with-tspan.svg.tex)
File: ./CH5/svg-text-along-path.eps Graphic file (type eps)
 <./CH5/svg-text-along-path.eps> [68]
CH5-svg-text-along-path-svg
(./CH5/svg-text-along-path.svg.tex)) [69] (./CH7/07svg-withjavascript.tex
[70


]
第 6 章
(./CH7/0701Javascript.tex [71]) (./CH7/0702DOM.tex [72]
File: ./CH7/developertool1.eps Graphic file (type eps)

<./CH7/developertool1.eps> [73]
File: ./CH7/developertool2.eps Graphic file (type eps)
 <./CH7/developertool2.eps>
File: ./CH7/developertool3.eps Graphic file (type eps)

<./CH7/developertool3.eps>
File: ./CH7/developertool4.eps Graphic file (type eps)
 <./CH7/developertool4.eps>
File: ./CH7/developertool5.eps Graphic file (type eps)

<./CH7/developertool5.eps> [74] [75] (./CH7/07021DOMMethod.tex
Overfull \hbox (3.21841pt too wide) in alignment at lines 9--14
 [] [] [] 
 []


Overfull \hbox (3.21841pt too wide) in alignment at lines 14--19
 [] [] [] 
 []


Overfull \hbox (3.21841pt too wide) in alignment at lines 19--21
 [] [] [] 
 []


Overfull \hbox (3.21841pt too wide) in alignment at lines 21--22
 [] [] [] 
 []


Overfull \hbox (3.21841pt too wide) in alignment at lines 22--73
 [] [] [] 
 []

[76]
Overfull \hbox (3.21841pt too wide) in alignment at lines 73--74
 [] [] [] 
 []

[77])
Overfull \hbox (12.25023pt too wide) in paragraph at lines 195--199
[]\JY1/mc/m/it/10 ある要素に子要素がある場合 、 その \OT1/cmtt/m/n/10 firstChil
d.previousSibling \JY1/mc/m/it/10 や \OT1/cmtt/m/n/10 lastChild.nextSibling
 []

[78]) (./CH7/0710Event.tex) (./CH7/0720JS-in-svg.tex
Underfull \hbox (badness 1117) in paragraph at lines 31--31
\JY1/mc/m/it/10 領域における相対的な $\OML/cmm/m/it/10 x$ \JY1/mc/m/it/10 座標
 []


Underfull \hbox (badness 1028) in paragraph at lines 31--31
\OT1/cmr/m/n/10 (\JY1/mc/m/it/10 スクロ ールしている場合には
 []


Underfull \hbox (badness 1237) in paragraph at lines 34--34
\JY1/mc/m/it/10 領域における相対的な $\OML/cmm/m/it/10 y$ \JY1/mc/m/it/10 座標
 []


Underfull \hbox (badness 1028) in paragraph at lines 34--34
\OT1/cmr/m/n/10 (\JY1/mc/m/it/10 スクロ ールしている場合には
 []


Underfull \hbox (badness 10000) in paragraph at lines 50--50
[]\OT1/cmtt/m/n/10 Event.CAPUTURING[]PHASE[]\OT1/cmr/m/n/10 ($1$)\JY1/mc/m/it/1
0 、
 []


Underfull \hbox (badness 10000) in paragraph at lines 50--50
\OT1/cmtt/m/n/10 Event.AT[]TARGET[]\OT1/cmr/m/n/10 ($2$)\JY1/mc/m/it/10 、
 []


Underfull \hbox (badness 10000) in paragraph at lines 50--50
\OT1/cmtt/m/n/10 Event.BUBBLING[]PHASE[]\OT1/cmr/m/n/10 ($3$)
 []


Overfull \hbox (7.66623pt too wide) in paragraph at lines 18--54
 [][] 
 []

[79]
File: ./CH7/svg-js-click.eps Graphic file (type eps)
 <./CH7/svg-js-click.eps> [80] [81]
CH7-svg-js-click-svg
(./CH7/svg-js-click.svg.tex)
Overfull \hbox (12.53099pt too wide) in paragraph at lines 95--101
[]\OT1/cmr/m/n/10 JavaScript \JY1/mc/m/it/10 内で\OT1/cmtt/m/n/10 <\JY1/mc/m/it
/10 が要素の開始とブラウザに解釈されないための対策としてプログラムは\OT1/cmtt/m
/n/10 <![CDATA
 []

[82]
LaTeX Font Info:    Try loading font information for OMS+cmtt on input line 124
.
LaTeX Font Info:    No file OMScmtt.fd. on input line 124.


LaTeX Font Warning: Font shape `OMS/cmtt/m/n' undefined
(Font)              using `OMS/cmsy/m/n' instead
(Font)              for symbol `textbraceleft' on input line 124.

CH7-svg-js-click-rev-svg
(./CH7/svg-js-click-rev.svg.tex) [83]
File: ./CH7/svg-js-click2.eps Graphic file (type eps)
 <./CH7/svg-js-click2.eps> [84]
CH7-svg-js-click2-svg
(./CH7/svg-js-click2.svg.tex)
File: ./CH7/svg-js-click3-1.eps Graphic file (type eps)
 <./CH7/svg-js-click3-1.eps>
File: ./CH7/svg-js-click3-2.eps Graphic file (type eps)

<./CH7/svg-js-click3-2.eps> [85]
CH7-svg-js-click3-svg
(./CH7/svg-js-click3.svg.tex) [86]
File: ./CH7/svg-js-showclickpos-1.eps Graphic file (type eps)
 <./CH7/svg-js-showclickpos-1.eps>
File: ./CH7/svg-js-showclickpos-2.eps Graphic file (type eps)

<./CH7/svg-js-showclickpos-2.eps> [87]
CH7-svg-js-showclickpos-svg
(./CH7/svg-js-showclickpos.svg.tex) [88]
CH7-svg-js-showclickpos2-svg
(./CH7/svg-js-showclickpos2.svg.tex) [89] [90]
CH7-svg-js-click-rev2-svg
(./CH7/svg-js-click-rev2.svg.tex) [91]
Overfull \hbox (4.2105pt too wide) in paragraph at lines 494--497
\JY1/mc/m/it/10 ドラ ッ グの操作中に \OT1/cmr/m/n/10 () \JY1/mc/m/it/10 内のイ
ベントを処理する必要があります。 ここで注意して欲しいのは \OT1/cmtt/m/n/10 mous
emove[][]
 []

File: ./CH7/svg-drag-1.eps Graphic file (type eps)
<./CH7/svg-drag-1.eps>
File: ./CH7/svg-drag-2.eps Graphic file (type eps)
 <./CH7/svg-drag-2.eps> [92]
CH7-svg-js-drag-svg
(./CH7/svg-js-drag.svg.tex) [93]
File: ./CH7/add-lines.eps Graphic file (type eps)
 <./CH7/add-lines.eps> [94]
CH7-svg-js-add-lines-svg
(./CH7/svg-js-add-lines.svg.tex) [95]
File: ./CH7/svg-js-add-lines-color.eps Graphic file (type eps)
 <./CH7/svg-js-add-lines-color.eps>
[96]
CH7-svg-js-drag-rev-svg
(./CH7/svg-js-drag-rev.svg.tex)
File: ./CH7/svg-drag-rev.eps Graphic file (type eps)
 <./CH7/svg-drag-rev.eps>)
(./CH7/0740MakeObjectsAtStart.tex (./CH7/0741makecurve.tex
File: ./CH7/cycloid.eps Graphic file (type eps)
 <./CH7/cycloid.eps>
[97] [98]
CH7-svg-cycloid-svg
(./CH7/svg-cycloid.svg.tex)) (./CH7/0745OI.tex [99]
Overfull \hbox (9.40263pt too wide) in paragraph at lines 140--146
[]\JY1/mc/m/it/10 このような関数 \OT1/cmr/m/n/10 (\JY1/mc/m/it/10 ヘルパ ー関数
\OT1/cmr/m/n/10 ) \JY1/mc/m/it/10 を提供するライブラリ ーとしては \OT1/cmtt/m/n
/10 jQuery.js[] \JY1/mc/m/it/10 が有名です。 \OT1/cmtt/m/n/10 jQuery.js
 []

[100]
CH7-make-svg-elm-js
(./CH7/make-svg-elm.js.tex) [101]
File: ./CH7/zollner.eps Graphic file (type eps)
 <./CH7/zollner.eps> [102] [103]
CH7-svg-js-zollner-svg
(./CH7/svg-js-zollner.svg.tex)
File: ./CH7/neckress-ring.eps Graphic file (type eps)
 <./CH7/neckress-ring.eps>
File: ./CH7/pinna.eps Graphic file (type eps)
 <./CH7/pinna.eps>
[104] [105]
CH7-svg-pinna-svg
(./CH7/svg-pinna.svg.tex) [106])) (./CH7/0750SelfAnimation.tex
CH7-svg-js-clickanimation2-svg
(./CH7/svg-js-clickanimation2.svg.tex) [107]
File: ./CH7/cycloid-animation.eps Graphic file (type eps)
 <./CH7/cycloid-animation.eps>
[108]
CH7-svg-cycloid-animation-svg
(./CH7/svg-cycloid-animation.svg.tex) [109]
File: ./CH7/show-text-color.eps Graphic file (type eps)
 <./CH7/show-text-color.eps>
[110]
CH7-show-text-color-svg
(./CH7/show-text-color.svg.tex) [111] [112]
Overfull \hbox (33.32977pt too wide) in paragraph at lines 169--171
[]\JY1/mc/m/it/10 表示するテキストはテキストノ ードを作成してから 、 元のノ ー
ドを置き換えます \OT1/cmr/m/n/10 (\OT1/cmtt/m/n/10 replaceChild[][]\OT1/cmr/m/n
/10 )\JY1/mc/m/it/10 。 
 []

File: ./CH7/random.eps Graphic file (type eps)
<./CH7/random.eps>) (./CH7/0760HTML.tex
(./CH7/0761ExchangeDataBetweenSVGAndHTML.tex [113]
File: ./CH7/ShowSetClickPos2.eps Graphic file (type eps)

<./CH7/ShowSetClickPos2.eps> [114]
CH7-ShowSetClickPos4-html
(./CH7/ShowSetClickPos4.html.tex) [115]
CH7-HTML-css
(./CH7/HTML.css.tex) [116] [117]
CH7-SSClickPos-js
(./CH7/SSClickPos.js.tex) [118]
File: ./CH7/pinna.html.eps Graphic file (type eps)
 <./CH7/pinna.html.eps> [119]
CH7-pinna-html
(./CH7/pinna.html.tex) [120]
CH7-pinna-css
(./CH7/pinna.css.tex)
CH7-pinna-js
(./CH7/pinna.js.tex) [121]))) [122] (./CH8/08svgwithserver.tex
第 7 章
[123


] (./CH8/0810php.tex
File: ./CH8/npolygon-server.eps Graphic file (type eps)
 <./CH8/npolygon-server.eps>
File: ./CH8/npolygon-server-res.eps Graphic file (type eps)

<./CH8/npolygon-server-res.eps> [124]
CH8-npolygon-server-html
(./CH8/npolygon-server.html.tex)
Overfull \hbox (22.50848pt too wide) in paragraph at lines 24--27
[]\JY1/mc/m/it/10 デ ータを送るときに呼び出される \OT1/cmr/m/n/10 URL \JY1/mc/m
/it/10 は \OT1/cmtt/m/n/10 action[][] \JY1/mc/m/it/10 で指定します。 ここでは\O
T1/cmtt/m/n/10 ./svg-polygon.php
 []

[125] [126]
CH8-svg-func-php
(./CH8/svg-func.php.tex) [127] [128]
CH8-svg-polygon-php
(./CH8/svg-polygon.php.tex) [129]
Overfull \hbox (3.14186pt too wide) in paragraph at lines 197--201
[][]\OT1/cmr/m/n/10 9 \JY1/mc/m/it/10 行目で計算して \OT1/cmtt/m/n/10 pathStrin
g \JY1/mc/m/it/10 に付け加えています。 数値を文字列に直すために \OT1/cmtt/m/n/1
0 sprintf()[]
 []

[130] [131]
File: ./CH8/npolygon-server-restoFile.eps Graphic file (type eps)
 <./CH8/npolygon-server-restoFile.eps> [132]
CH8-server-php
(./CH8/server.php.tex)) (./CH8/0820Ajax.tex [133] [134]
File: ./CH8/test-ajax-start.eps Graphic file (type eps)

<./CH8/test-ajax-start.eps>
File: ./CH8/test-ajax-data.eps Graphic file (type eps)
 <./CH8/test-ajax-data.eps>
File: ./CH8/test-ajax-show.eps Graphic file (type eps)

<./CH8/test-ajax-show.eps> [135] [136]
CH8-test-ajax-html
(./CH8/test-ajax.html.tex) [137]
CH8-Ajax-js
(./CH8/Ajax.js.tex)

LaTeX Warning: Citation `javascriptHacker' on page 138 undefined on input line 
90.

[138]
LaTeX Font Info:    Font shape `JT1/mc/bx/n' in size <8> not available
(Font)              Font shape `JT1/gt/m/n' tried instead on input line 160.
LaTeX Font Info:    Font shape `JY1/mc/bx/n' in size <8> not available
(Font)              Font shape `JY1/gt/m/n' tried instead on input line 160.


LaTeX Warning: Citation `WebSecurity' on page 139 undefined on input line 160.

[139]
CH8-svg-polygon-ajax-php
(./CH8/svg-polygon-ajax.php.tex) [140]) (./CH8/0850jQuery.tex
\c@Func=\count131
 [141]
Overfull \hbox (33.65297pt too wide) in paragraph at lines 54--56
[]\JY1/mc/m/it/10 テキストで表される要素を作成し 、 この要素を表す \OT1/cmr/m/n
/10 jQuery \JY1/mc/m/it/10 オブジ ェ クトを返します。 \OT1/cmtt/m/n/10 createEl
ement()
 []

[142]
Overfull \hbox (1.23032pt too wide) in paragraph at lines 140--145
\JY1/mc/m/it/10 このほかに 、 特殊なメソ ッ ドとして \OT1/cmtt/m/n/10 hover()[]
[] \JY1/mc/m/it/10 があります。 これは \OT1/cmtt/m/n/10 mouseenter[][] \JY1/mc/
m/it/10 イベントと \OT1/cmtt/m/n/10 mouseleave[][]
 []

[143] [144] [145]
CH8-ShowSetClickPos-jQuery-html
(./CH8/ShowSetClickPos-jQuery.html.tex) [146] [147]
CH8-Ajax-jQuery-js
(./CH8/Ajax-jQuery.js.tex))) [148] (./Appendix/color-f.tex
付 録 A  
(./Appendix/color-fff.tex [1


] [2] [3])) [4] (./Appendix/99refference.tex
(./Appendix/thebibliography.tex
付 録 B  

Underfull \hbox (badness 1308) in paragraph at lines 14--24
[]\OT1/cmr/m/n/10 Oswald Cansep-ato, []\OT1/cmr/m/it/10 Fun-da-men-tals of SVG 
Pro-gram-ming: Con-cept to Source Code[]\OT1/cmr/m/n/10 ,
 []

[5


]) [6]) (./Appendix/CSS.tex
付 録 C  

Overfull \hbox (25.86504pt too wide) in alignment at lines 12--16
 [] [] 
 []


Overfull \hbox (25.86504pt too wide) in alignment at lines 16--20
 [] [] 
 []


Overfull \hbox (25.86504pt too wide) in alignment at lines 20--22
 [] [] 
 []


Overfull \hbox (25.86504pt too wide) in alignment at lines 22--24
 [] [] 
 []


Overfull \hbox (25.86504pt too wide) in alignment at lines 24--79
 [] [] 
 []


Overfull \hbox (25.86504pt too wide) in alignment at lines 79--134
 [] [] 
 []

[7



] [8]) [9]

Package hyperref Warning: The anchor of a bookmark and its parent's must not
(hyperref)                be the same. Added a new anchor on input line 63.

(./indexSVG.ind [10


] [11] [12] [13] [14

]) (./indexHTML.ind [15


] [16

])
(./indexJS.ind [17


] [18] [19] [20

]) (./index.ind [21


] [22] [23])
Package atveryend Info: Empty hook `BeforeClearDocument' on input line 73.
Package atveryend Info: Empty hook `AfterLastShipout' on input line 73.

(./00svg-seminor.aux)
Package atveryend Info: Empty hook `AtVeryEndDocument' on input line 73.
Package atveryend Info: Executing hook `AtEndAfterFileList' on input line 73.


Package rerunfilecheck Warning: File `00svg-seminor.out' has changed.
(rerunfilecheck)                Rerun to get outlines right
(rerunfilecheck)                or use package `bookmark'.

Package rerunfilecheck Info: Checksums for `00svg-seminor.out':
(rerunfilecheck)             Before: 717BA25012AFD1B521CAF2019BADA0CC;15170
(rerunfilecheck)             After:  10154204859D9DB69FF2235556621971;6524.

LaTeX Font Warning: Some font shapes were not available, defaults substituted.


LaTeX Warning: There were undefined references.

Package atveryend Info: Empty hook `AtVeryVeryEnd' on input line 73.
 ) 
Here is how much of TeX's memory you used:
 8006 strings out of 493705
 127799 string characters out of 6152319
 258868 words of memory out of 5000000
 11010 multiletter control sequences out of 15000+600000
 24268 words of font info for 99 fonts, out of 8000000 for 9000
 929 hyphenation exceptions out of 8191
 30i,20n,37p,577b,602s stack positions out of 5000i,500n,10000p,500000b,80000s

Output written on 00svg-seminor.dvi (177 pages, 1061992 bytes).
