\BOOKMARK [0][-]{chapter.1}{第1章 SVGについて}{}% 1
\BOOKMARK [1][-]{section.1.1}{1.1 SVGとはなにか}{chapter.1}% 2
\BOOKMARK [1][-]{section.1.2}{1.2 XMLとは}{chapter.1}% 3
\BOOKMARK [1][-]{section.1.3}{1.3 SVGの画像を表示する方法}{chapter.1}% 4
\BOOKMARK [1][-]{section.1.4}{1.4 HTML5について}{chapter.1}% 5
\BOOKMARK [2][-]{subsection.1.4.1}{1.4.1 HTML5までの道程}{section.1.4}% 6
\BOOKMARK [2][-]{subsection.1.4.2}{1.4.2 HTML5 における新機能}{section.1.4}% 7
\BOOKMARK [0][-]{chapter.2}{第2章 SVG入門}{}% 8
\BOOKMARK [1][-]{section.2.1}{2.1 SVGファイルを作成する方法と作成上の注意}{chapter.2}% 9
\BOOKMARK [1][-]{section.2.2}{2.2 SVGの基礎}{chapter.2}% 10
\BOOKMARK [2][-]{subsection.2.2.1}{2.2.1 座標系について}{section.2.2}% 11
\BOOKMARK [2][-]{subsection.2.2.2}{2.2.2 SVG 文書におけるコメントの記入方法}{section.2.2}% 12
\BOOKMARK [2][-]{subsection.2.2.3}{2.2.3 色について}{section.2.2}% 13
\BOOKMARK [1][-]{section.2.3}{2.3 直線}{chapter.2}% 14
\BOOKMARK [1][-]{section.2.4}{2.4 長方形}{chapter.2}% 15
\BOOKMARK [1][-]{section.2.5}{2.5 円と楕円}{chapter.2}% 16
\BOOKMARK [1][-]{section.2.6}{2.6 グラデーション}{chapter.2}% 17
\BOOKMARK [2][-]{subsection.2.6.1}{2.6.1 線形グラデーション}{section.2.6}% 18
\BOOKMARK [2][-]{subsection.2.6.2}{2.6.2 放射グラデーション}{section.2.6}% 19
\BOOKMARK [1][-]{section.2.7}{2.7 不透明度}{chapter.2}% 20
\BOOKMARK [0][-]{chapter.3}{第3章 SVGの図形}{}% 21
\BOOKMARK [1][-]{section.3.1}{3.1 折れ線と多角形}{chapter.3}% 22
\BOOKMARK [1][-]{section.3.2}{3.2 道のり\(Path\)}{chapter.3}% 23
\BOOKMARK [2][-]{subsection.3.2.1}{3.2.1 直線の組み合わせ}{section.3.2}% 24
\BOOKMARK [2][-]{subsection.3.2.2}{3.2.2 楕円の一部となる曲線}{section.3.2}% 25
\BOOKMARK [2][-]{subsection.3.2.3}{3.2.3 B\351zier曲線}{section.3.2}% 26
\BOOKMARK [1][-]{section.3.3}{3.3 transformについての補足}{chapter.3}% 27
\BOOKMARK [2][-]{subsection.3.3.1}{3.3.1 原点以外を中心とする回転}{section.3.3}% 28
\BOOKMARK [2][-]{subsection.3.3.2}{3.3.2 座標軸方向へのゆがみ}{section.3.3}% 29
\BOOKMARK [2][-]{subsection.3.3.3}{3.3.3 一般の線形変換}{section.3.3}% 30
\BOOKMARK [1][-]{section.3.4}{3.4 SVGパターン}{chapter.3}% 31
\BOOKMARK [1][-]{section.3.5}{3.5 画像の取り込み}{chapter.3}% 32
\BOOKMARK [1][-]{section.3.6}{3.6 画像の一部を見せる}{chapter.3}% 33
\BOOKMARK [0][-]{chapter.4}{第4章 アニメーション}{}% 34
\BOOKMARK [1][-]{section.4.1}{4.1 アニメーションにおける属性}{chapter.4}% 35
\BOOKMARK [1][-]{section.4.2}{4.2 位置を動かす\(<animateTransform> 要素\)}{chapter.4}% 36
\BOOKMARK [1][-]{section.4.3}{4.3 道のりに沿ったアニメーション\(<animateMotion> 要素\)}{chapter.4}% 37
\BOOKMARK [1][-]{section.4.4}{4.4 いろいろな属性に動きをつける}{chapter.4}% 38
\BOOKMARK [2][-]{subsection.4.4.1}{4.4.1 一般の属性に変化をつける\(<animate> 要素\)}{section.4.4}% 39
\BOOKMARK [2][-]{subsection.4.4.2}{4.4.2 属性値をすぐに変える\204<set> 要素を利用したアニメーション}{section.4.4}% 40
\BOOKMARK [1][-]{section.4.5}{4.5 複数の値を指定する\(keyTimes,values\)}{chapter.4}% 41
\BOOKMARK [1][-]{section.4.6}{4.6 イベントを利用したアニメーション}{chapter.4}% 42
\BOOKMARK [2][-]{subsection.4.6.1}{4.6.1 イベントとは}{section.4.6}% 43
\BOOKMARK [2][-]{subsection.4.6.2}{4.6.2 マウスのイベントを利用したアニメーション}{section.4.6}% 44
\BOOKMARK [2][-]{subsection.4.6.3}{4.6.3 アニメーション終了のイベントを利用する}{section.4.6}% 45
\BOOKMARK [1][-]{section.4.7}{4.7 アニメーションがついた錯視図形}{chapter.4}% 46
\BOOKMARK [0][-]{chapter.5}{第5章 文字列の表示}{}% 47
\BOOKMARK [1][-]{section.5.1}{5.1 文字列表示の基礎}{chapter.5}% 48
\BOOKMARK [1][-]{section.5.2}{5.2 部分的に文字の表示を変える方法}{chapter.5}% 49
\BOOKMARK [1][-]{section.5.3}{5.3 文字をグラデーションで塗る}{chapter.5}% 50
\BOOKMARK [1][-]{section.5.4}{5.4 道程に沿った文字列の配置}{chapter.5}% 51
\BOOKMARK [1][-]{section.5.5}{5.5 円周上に沿って文字列が移動するアニメーション}{chapter.5}% 52
\BOOKMARK [0][-]{chapter.6}{第6章 フィルタ}{}% 53
\BOOKMARK [1][-]{section.6.1}{6.1 フィルターに関する一般的な注意}{chapter.6}% 54
\BOOKMARK [1][-]{section.6.2}{6.2 画像をぼかす\(feGaussianBlurフィルタ\)}{chapter.6}% 55
\BOOKMARK [1][-]{section.6.3}{6.3 影をつける\(feOffsetフィルタとfeMergeフィルタ\)}{chapter.6}% 56
\BOOKMARK [1][-]{section.6.4}{6.4 画像を合成する\(feImageフィルタとfeBlendフィルタ\)}{chapter.6}% 57
\BOOKMARK [1][-]{section.6.5}{6.5 与えられた画像の色を変える}{chapter.6}% 58
\BOOKMARK [2][-]{subsection.6.5.1}{6.5.1 feColorMatrixフィルタ}{section.6.5}% 59
\BOOKMARK [2][-]{subsection.6.5.2}{6.5.2 feComponentTransferフィルタ}{section.6.5}% 60
\BOOKMARK [1][-]{section.6.6}{6.6 画像を単一色で塗りつぶす\(feFloodフィルタ\)}{chapter.6}% 61
\BOOKMARK [1][-]{section.6.7}{6.7 複雑な画像の合成\(feCompositeフィルタ\)}{chapter.6}% 62
\BOOKMARK [1][-]{section.6.8}{6.8 光を当てる}{chapter.6}% 63
\BOOKMARK [2][-]{subsection.6.8.1}{6.8.1 光源の種類}{section.6.8}% 64
\BOOKMARK [2][-]{subsection.6.8.2}{6.8.2 feDeffuseLightingフィルタ}{section.6.8}% 65
\BOOKMARK [2][-]{subsection.6.8.3}{6.8.3 feSpecularLightingフィルタ}{section.6.8}% 66
\BOOKMARK [1][-]{section.6.9}{6.9 feTurbulenceフィルタ}{chapter.6}% 67
\BOOKMARK [0][-]{chapter.7}{第7章 JavaScriptを利用したSVG図形の生成}{}% 68
\BOOKMARK [1][-]{section.7.1}{7.1 インターラクティブなSVGを作成するための準備}{chapter.7}% 69
\BOOKMARK [2][-]{subsection.7.1.1}{7.1.1 JavaScript}{section.7.1}% 70
\BOOKMARK [2][-]{subsection.7.1.2}{7.1.2 DOM\(Docunment Object Model\)}{section.7.1}% 71
\BOOKMARK [2][-]{subsection.7.1.3}{7.1.3 DOM のメソッドとプロパティ}{section.7.1}% 72
\BOOKMARK [1][-]{section.7.2}{7.2 イベント}{chapter.7}% 73
\BOOKMARK [2][-]{subsection.7.2.1}{7.2.1 イベント概説}{section.7.2}% 74
\BOOKMARK [2][-]{subsection.7.2.2}{7.2.2 SVG 文書や HTML における代表的なイベント}{section.7.2}% 75
\BOOKMARK [1][-]{section.7.3}{7.3 JavaScriptによるSVG 文書のマウスイベントの処理}{chapter.7}% 76
\BOOKMARK [2][-]{subsection.7.3.1}{7.3.1 マウスに関するイベント処理}{section.7.3}% 77
\BOOKMARK [2][-]{subsection.7.3.2}{7.3.2 イベントの処理の詳細}{section.7.3}% 78
\BOOKMARK [2][-]{subsection.7.3.3}{7.3.3 マウスのドラッグを処理する}{section.7.3}% 79
\BOOKMARK [2][-]{subsection.7.3.4}{7.3.4 オブジェクトを追加する}{section.7.3}% 80
\BOOKMARK [1][-]{section.7.4}{7.4 起動時にJavaScriptで要素を作成する}{chapter.7}% 81
\BOOKMARK [2][-]{subsection.7.4.1}{7.4.1 任意の形の曲線を描く}{section.7.4}% 82
\BOOKMARK [2][-]{subsection.7.4.2}{7.4.2 JavaScriptのオブジェクトとJSON}{section.7.4}% 83
\BOOKMARK [2][-]{subsection.7.4.3}{7.4.3 SVGのオブジェクトを操作するための関数}{section.7.4}% 84
\BOOKMARK [2][-]{subsection.7.4.4}{7.4.4 ツェルナーの錯視図形}{section.7.4}% 85
\BOOKMARK [2][-]{subsection.7.4.5}{7.4.5 一定時間経過後に関数をよびだす\(自前でアニメーションを作成する\)}{section.7.4}% 86
\BOOKMARK [1][-]{section.7.5}{7.5 HTML文書とその中にある SVG 要素の間でデータ交換する}{chapter.7}% 87
\BOOKMARK [1][-]{section.7.6}{7.6 より進んだ JavaScriptプログラミング}{chapter.7}% 88
\BOOKMARK [2][-]{subsection.7.6.1}{7.6.1 配列のメソッドを使う}{section.7.6}% 89
\BOOKMARK [2][-]{subsection.7.6.2}{7.6.2 クロージャの利用によるグローバル変数の個数の減少}{section.7.6}% 90
\BOOKMARK [2][-]{subsection.7.6.3}{7.6.3 WebStorage}{section.7.6}% 91
\BOOKMARK [0][-]{chapter.8}{第8章 WebサーバーでSVG図形のデータを作る}{}% 92
\BOOKMARK [1][-]{section.8.1}{8.1 Webサーバーを利用するための基礎知識}{chapter.8}% 93
\BOOKMARK [1][-]{section.8.2}{8.2 PHPプログラムでSVGファイルを作成する}{chapter.8}% 94
\BOOKMARK [1][-]{section.8.3}{8.3 header関数について}{chapter.8}% 95
\BOOKMARK [1][-]{section.8.4}{8.4 ブラウザを区別する}{chapter.8}% 96
\BOOKMARK [1][-]{section.8.5}{8.5 Ajax}{chapter.8}% 97
\BOOKMARK [2][-]{subsection.8.5.1}{8.5.1 Ajaxとは}{section.8.5}% 98
\BOOKMARK [2][-]{subsection.8.5.2}{8.5.2 Ajaxの例}{section.8.5}% 99
\BOOKMARK [1][-]{section.8.6}{8.6 jQuery}{chapter.8}% 100
\BOOKMARK [2][-]{subsection.8.6.1}{8.6.1 jQueryとは}{section.8.6}% 101
\BOOKMARK [2][-]{subsection.8.6.2}{8.6.2 jQueryの基本}{section.8.6}% 102
\BOOKMARK [2][-]{subsection.8.6.3}{8.6.3 ドキュメントの構造の変更}{section.8.6}% 103
\BOOKMARK [2][-]{subsection.8.6.4}{8.6.4 イベントハンドラーの取り扱い}{section.8.6}% 104
\BOOKMARK [2][-]{subsection.8.6.5}{8.6.5 Ajaxの処理}{section.8.6}% 105
\BOOKMARK [2][-]{subsection.8.6.6}{8.6.6 jQuery のサンプル}{section.8.6}% 106
\BOOKMARK [0][-]{appendix.A}{付 録A \040SVGで利用できる色名}{}% 107
\BOOKMARK [0][-]{appendix.B}{付 録B \040参考文献について}{}% 108
\BOOKMARK [0][-]{appendix.C}{付 録C \040CSSについて}{}% 109
\BOOKMARK [0][-]{Item.89}{索引}{}% 110
\BOOKMARK [1][-]{section*.62}{SVGの用語}{Item.89}% 111
\BOOKMARK [1][-]{section*.62}{HTMLの用語}{Item.89}% 112
\BOOKMARK [1][-]{section*.62}{JavaScriptの用語}{Item.89}% 113
\BOOKMARK [1][-]{section*.62}{PHPの用語}{Item.89}% 114
\BOOKMARK [1][-]{section*.62}{一般}{Item.89}% 115
