\BOOKMARK [0][-]{chapter.1}{第1章 SVGについて}{}% 1
\BOOKMARK [1][-]{section.1.1}{1.1 SVGとはなにか}{chapter.1}% 2
\BOOKMARK [1][-]{section.1.2}{1.2 XMLとは}{chapter.1}% 3
\BOOKMARK [1][-]{section.1.3}{1.3 SVGの画像を表示する方法}{chapter.1}% 4
\BOOKMARK [1][-]{section.1.4}{1.4 HTML5について}{chapter.1}% 5
\BOOKMARK [2][-]{subsection.1.4.1}{1.4.1 HTML5までの道程}{section.1.4}% 6
\BOOKMARK [2][-]{subsection.1.4.2}{1.4.2 HTML5 における新機能}{section.1.4}% 7
\BOOKMARK [0][-]{chapter.2}{第2章 SVG入門}{}% 8
\BOOKMARK [1][-]{section.2.1}{2.1 SVGファイルを作成する方法と作成上の注意}{chapter.2}% 9
\BOOKMARK [1][-]{section.2.2}{2.2 SVGの基礎}{chapter.2}% 10
\BOOKMARK [2][-]{subsection.2.2.1}{2.2.1 座標系について}{section.2.2}% 11
\BOOKMARK [2][-]{subsection.2.2.2}{2.2.2 SVG 文書におけるコメントの記入方法}{section.2.2}% 12
\BOOKMARK [2][-]{subsection.2.2.3}{2.2.3 色について}{section.2.2}% 13
\BOOKMARK [1][-]{section.2.3}{2.3 直線}{chapter.2}% 14
\BOOKMARK [1][-]{section.2.4}{2.4 長方形}{chapter.2}% 15
\BOOKMARK [1][-]{section.2.5}{2.5 円と楕円}{chapter.2}% 16
\BOOKMARK [1][-]{section.2.6}{2.6 グラデーション}{chapter.2}% 17
\BOOKMARK [2][-]{subsection.2.6.1}{2.6.1 線形グラデーション}{section.2.6}% 18
\BOOKMARK [2][-]{subsection.2.6.2}{2.6.2 放射グラデーション}{section.2.6}% 19
\BOOKMARK [1][-]{section.2.7}{2.7 不透明度}{chapter.2}% 20
\BOOKMARK [0][-]{chapter.3}{第3章 SVGの図形}{}% 21
\BOOKMARK [1][-]{section.3.1}{3.1 折れ線と多角形}{chapter.3}% 22
\BOOKMARK [1][-]{section.3.2}{3.2 道のり\(Path\)}{chapter.3}% 23
\BOOKMARK [1][-]{section.3.3}{3.3 SVGパターン}{chapter.3}% 24
\BOOKMARK [0][-]{chapter.4}{第4章 アニメーション}{}% 25
\BOOKMARK [1][-]{section.4.1}{4.1 アニメーションにおける属性}{chapter.4}% 26
\BOOKMARK [1][-]{section.4.2}{4.2 位置を動かす\(<animateTransform> 要素\)}{chapter.4}% 27
\BOOKMARK [1][-]{section.4.3}{4.3 道のりに沿ったアニメーション\(<animateMotion> 要素\)}{chapter.4}% 28
\BOOKMARK [1][-]{section.4.4}{4.4 いろいろな属性に動きをつける}{chapter.4}% 29
\BOOKMARK [2][-]{subsection.4.4.1}{4.4.1 一般の属性に変化をつける\(<animate> 要素\)}{section.4.4}% 30
\BOOKMARK [2][-]{subsection.4.4.2}{4.4.2 属性値をすぐに変える\204<set> 要素を利用したアニメーション}{section.4.4}% 31
\BOOKMARK [1][-]{section.4.5}{4.5 複数の値を指定する\(keyTimes,values\)}{chapter.4}% 32
\BOOKMARK [1][-]{section.4.6}{4.6 アニメーションがついた錯視図形}{chapter.4}% 33
\BOOKMARK [0][-]{chapter.5}{第5章 文字列の表示}{}% 34
\BOOKMARK [1][-]{section.5.1}{5.1 文字列表示の基礎}{chapter.5}% 35
\BOOKMARK [1][-]{section.5.2}{5.2 部分的に文字の表示を変える方法}{chapter.5}% 36
\BOOKMARK [1][-]{section.5.3}{5.3 道程に沿った文字列の配置}{chapter.5}% 37
\BOOKMARK [0][-]{chapter.6}{第6章 JavaScriptを利用したSVG図形の生成}{}% 38
\BOOKMARK [1][-]{section.6.1}{6.1 インターラクティブなSVGを作成するための準備}{chapter.6}% 39
\BOOKMARK [2][-]{subsection.6.1.1}{6.1.1 JavaScript}{section.6.1}% 40
\BOOKMARK [2][-]{subsection.6.1.2}{6.1.2 DOM\(Docunment Object Model\)}{section.6.1}% 41
\BOOKMARK [2][-]{subsection.6.1.3}{6.1.3 DOM のメソッドとプロパティ}{section.6.1}% 42
\BOOKMARK [1][-]{section.6.2}{6.2 イベント}{chapter.6}% 43
\BOOKMARK [2][-]{subsection.6.2.1}{6.2.1 イベント概説}{section.6.2}% 44
\BOOKMARK [2][-]{subsection.6.2.2}{6.2.2 SVG 文書や HTML における代表的なイベント}{section.6.2}% 45
\BOOKMARK [1][-]{section.6.3}{6.3 JavaScriptによるSVG 文書のマウスイベントの処理}{chapter.6}% 46
\BOOKMARK [2][-]{subsection.6.3.1}{6.3.1 マウスに関するイベント処理}{section.6.3}% 47
\BOOKMARK [2][-]{subsection.6.3.2}{6.3.2 イベントの処理の詳細}{section.6.3}% 48
\BOOKMARK [2][-]{subsection.6.3.3}{6.3.3 マウスのドラッグを処理する}{section.6.3}% 49
\BOOKMARK [2][-]{subsection.6.3.4}{6.3.4 オブジェクトを追加する}{section.6.3}% 50
\BOOKMARK [1][-]{section.6.4}{6.4 起動時にJavaScriptで要素を作成する}{chapter.6}% 51
\BOOKMARK [2][-]{subsection.6.4.1}{6.4.1 任意の形の曲線を描く}{section.6.4}% 52
\BOOKMARK [2][-]{subsection.6.4.2}{6.4.2 SVGのオブジェクトを操作するための関数}{section.6.4}% 53
\BOOKMARK [2][-]{subsection.6.4.3}{6.4.3 ツェルナーの錯視図形}{section.6.4}% 54
\BOOKMARK [2][-]{subsection.6.4.4}{6.4.4 一定時間経過後に関数をよびだす\(自前でアニメーションを作成する\)}{section.6.4}% 55
\BOOKMARK [1][-]{section.6.5}{6.5 HTML文書とその中にある SVG 要素の間でデータ交換する}{chapter.6}% 56
\BOOKMARK [0][-]{appendix.A}{付 録A \040SVGで利用できる色名}{}% 57
\BOOKMARK [0][-]{appendix.B}{付 録B \040関連図書}{}% 58
\BOOKMARK [0][-]{appendix.C}{付 録C \040CSSについて}{}% 59
\BOOKMARK [0][-]{Item.67}{索引}{}% 60
\BOOKMARK [1][-]{section*.29}{SVGの用語}{Item.67}% 61
\BOOKMARK [1][-]{section*.29}{HTMLの用語}{Item.67}% 62
\BOOKMARK [1][-]{section*.29}{JavaScriptの用語}{Item.67}% 63
\BOOKMARK [1][-]{section*.29}{一般}{Item.67}% 64
